v8-version,5,1,281,88,0
new,MemoryChunk,0x13bab700000,1048576
new,CodeRange,0x2b985f00000,536870912
heap-capacity,1031680
heap-available,1500478464
new,MemoryChunk,0x2b986000000,1048576
new,MemoryChunk,0x2b986100000,1048576
new,MemoryChunk,0x2b986200000,1048576
new,MemoryChunk,0xd1bf300000,1003520
new,MemoryChunk,0x2b986300000,1048576
new,MemoryChunk,0x32aa2100000,81920
new,MemoryChunk,0x36e1e00000,1048576
markcompact,begin,0,31250,1487449189819
markcompact,end,0,31250,1487449189819
markcompact,begin,0,31250,1487449189819
markcompact,end,0,31250,1487449189819
scavenge,begin,0,31250,1487449189819
scavenge,end,0,31250,1487449189819
scavenge,begin,0,31250,1487449189819
new,MemoryChunk,0x33828d00000,1048576
scavenge,end,0,31250,1487449189819
new,MemoryChunk,0x2b986400000,1048576
check-maps-depth,1
check-maps-depth,1
check-maps-depth,2
check-maps-depth,2
check-maps-depth,3
check-maps-depth,3
check-maps-depth,3
check-maps-depth,3
check-maps-depth,3
check-maps-depth,2
check-maps-depth,2
check-maps-depth,2
check-maps-depth,2
check-maps-depth,2
check-maps-depth,1
new,MemoryChunk,0xab36600000,1048576
check-maps-depth,2
check-maps-depth,1
check-maps-depth,1
new,MemoryChunk,0x3957e500000,1048576
check-maps-depth,1
check-maps-depth,2
check-maps-depth,4
check-maps-depth,1
check-maps-depth,1
check-maps-depth,1
check-maps-depth,1
check-maps-depth,1
check-maps-depth,1
check-maps-depth,1
check-maps-depth,2
check-maps-depth,2
check-maps-depth,2
check-maps-depth,2
check-maps-depth,2
check-maps-depth,2
check-maps-depth,2
check-maps-depth,2
check-maps-depth,1
check-maps-depth,2
check-maps-depth,2
check-maps-depth,2
check-maps-depth,1
check-maps-depth,2
check-maps-depth,1
check-maps-depth,1
check-maps-depth,2
check-maps-depth,1
check-maps-depth,1
check-maps-depth,2
check-maps-depth,2
check-maps-depth,2
check-maps-depth,2
check-maps-depth,2
check-maps-depth,2
check-maps-depth,2
check-maps-depth,3
check-maps-depth,2
check-maps-depth,1
check-maps-depth,1
check-maps-depth,2
check-maps-depth,3
check-maps-depth,3
check-maps-depth,1
new,MemoryChunk,0x232ce200000,1048576
new,MemoryChunk,0x2699bf00000,1048576
scavenge,begin,0,62500,1487449189850
scavenge,end,0,62500,1487449189850
check-maps-depth,1
check-maps-depth,1
check-maps-depth,1
check-maps-depth,3
check-maps-depth,3
check-maps-depth,3
check-maps-depth,3
check-maps-depth,3
check-maps-depth,3
check-maps-depth,3
check-maps-depth,3
check-maps-depth,3
check-maps-depth,3
check-maps-depth,3
check-maps-depth,3
check-maps-depth,3
check-maps-depth,3
check-maps-depth,2
check-maps-depth,2
check-maps-depth,2
check-maps-depth,1
check-maps-depth,2
check-maps-depth,1
check-maps-depth,2
check-maps-depth,3
check-maps-depth,3
check-maps-depth,3
check-maps-depth,3
check-maps-depth,3
check-maps-depth,3
check-maps-depth,2
check-maps-depth,3
check-maps-depth,2
check-maps-depth,1
check-maps-depth,4
check-maps-depth,2
check-maps-depth,2
check-maps-depth,4
check-maps-depth,2
check-maps-depth,2
check-maps-depth,4
check-maps-depth,2
check-maps-depth,3
check-maps-depth,3
check-maps-depth,3
check-maps-depth,3
check-maps-depth,2
check-maps-depth,2
check-maps-depth,3
check-maps-depth,1
check-maps-depth,1
check-maps-depth,1
check-maps-depth,2
check-maps-depth,1
check-maps-depth,4
check-maps-depth,4
check-maps-depth,4
check-maps-depth,3
check-maps-depth,1
check-maps-depth,1
check-maps-depth,1
check-maps-depth,1
check-maps-depth,7
check-maps-depth,7
check-maps-depth,7
check-maps-depth,7
check-maps-depth,6
check-maps-depth,2
check-maps-depth,2
check-maps-depth,2
check-maps-depth,2
check-maps-depth,2
check-maps-depth,3
check-maps-depth,2
check-maps-depth,1
check-maps-depth,2
check-maps-depth,2
check-maps-depth,8
check-maps-depth,8
check-maps-depth,8
check-maps-depth,8
check-maps-depth,8
check-maps-depth,2
check-maps-depth,2
check-maps-depth,3
check-maps-depth,2
check-maps-depth,3
check-maps-depth,3
check-maps-depth,3
check-maps-depth,3
check-maps-depth,3
check-maps-depth,3
check-maps-depth,3
check-maps-depth,3
check-maps-depth,3
check-maps-depth,3
check-maps-depth,3
check-maps-depth,3
check-maps-depth,3
check-maps-depth,3
check-maps-depth,3
check-maps-depth,3
check-maps-depth,3
check-maps-depth,3
check-maps-depth,3
check-maps-depth,3
check-maps-depth,3
check-maps-depth,3
check-maps-depth,3
check-maps-depth,8
check-maps-depth,8
check-maps-depth,7
check-maps-depth,8
check-maps-depth,2
check-maps-depth,3
check-maps-depth,2
check-maps-depth,3
check-maps-depth,3
check-maps-depth,3
check-maps-depth,3
check-maps-depth,3
check-maps-depth,3
check-maps-depth,3
check-maps-depth,3
check-maps-depth,3
check-maps-depth,3
check-maps-depth,3
check-maps-depth,3
check-maps-depth,3
check-maps-depth,3
check-maps-depth,3
check-maps-depth,3
check-maps-depth,3
check-maps-depth,3
check-maps-depth,3
check-maps-depth,3
check-maps-depth,3
check-maps-depth,3
check-maps-depth,3
check-maps-depth,3
check-maps-depth,3
check-maps-depth,8
check-maps-depth,8
check-maps-depth,8
check-maps-depth,7
check-maps-depth,5
check-maps-depth,3
check-maps-depth,2
check-maps-depth,2
check-maps-depth,2
check-maps-depth,8
check-maps-depth,8
check-maps-depth,8
check-maps-depth,3
check-maps-depth,3
check-maps-depth,3
check-maps-depth,3
check-maps-depth,8
check-maps-depth,8
check-maps-depth,8
check-maps-depth,8
check-maps-depth,8
check-maps-depth,2
check-maps-depth,1
check-maps-depth,2
check-maps-depth,8
check-maps-depth,8
check-maps-depth,8
check-maps-depth,8
check-maps-depth,8
check-maps-depth,2
check-maps-depth,2
check-maps-depth,2
check-maps-depth,2
check-maps-depth,2
check-maps-depth,2
check-maps-depth,2
check-maps-depth,2
check-maps-depth,2
check-maps-depth,2
check-maps-depth,2
check-maps-depth,2
check-maps-depth,2
check-maps-depth,2
check-maps-depth,2
check-maps-depth,2
check-maps-depth,2
check-maps-depth,1
check-maps-depth,2
check-maps-depth,2
check-maps-depth,2
check-maps-depth,2
check-maps-depth,2
check-maps-depth,2
check-maps-depth,2
check-maps-depth,2
check-maps-depth,2
check-maps-depth,2
check-maps-depth,2
check-maps-depth,2
check-maps-depth,2
check-maps-depth,2
check-maps-depth,2
check-maps-depth,2
check-maps-depth,2
check-maps-depth,2
scavenge,begin,0,109375,1487449189903
new,MemoryChunk,0x1422f800000,1048576
scavenge,end,0,109375,1487449189903
check-maps-depth,2
check-maps-depth,2
check-maps-depth,2
check-maps-depth,1
check-maps-depth,1
check-maps-depth,1
check-maps-depth,1
check-maps-depth,2
check-maps-depth,1
check-maps-depth,2
check-maps-depth,2
check-maps-depth,2
check-maps-depth,2
check-maps-depth,2
check-maps-depth,2
check-maps-depth,2
scavenge,begin,0,140625,1487449189934
new,MemoryChunk,0x26a99200000,1048576
scavenge,end,0,140625,1487449189934
check-maps-depth,1
check-maps-depth,1
check-maps-depth,2
check-maps-depth,2
check-maps-depth,2
check-maps-depth,2
check-maps-depth,2
check-maps-depth,2
check-maps-depth,2
check-maps-depth,2
check-maps-depth,2
check-maps-depth,2
check-maps-depth,2
check-maps-depth,2
check-maps-depth,2
check-maps-depth,2
check-maps-depth,1
check-maps-depth,3
check-maps-depth,3
check-maps-depth,3
check-maps-depth,3
check-maps-depth,2
check-maps-depth,2
check-maps-depth,2
check-maps-depth,2
check-maps-depth,2
check-maps-depth,2
check-maps-depth,2
check-maps-depth,2
check-maps-depth,2
check-maps-depth,2
check-maps-depth,2
check-maps-depth,2
check-maps-depth,2
check-maps-depth,2
check-maps-depth,2
check-maps-depth,2
check-maps-depth,2
check-maps-depth,2
check-maps-depth,2
check-maps-depth,2
check-maps-depth,2
check-maps-depth,2
check-maps-depth,2
check-maps-depth,2
check-maps-depth,2
check-maps-depth,2
check-maps-depth,2
check-maps-depth,2
check-maps-depth,2
check-maps-depth,2
check-maps-depth,2
check-maps-depth,2
check-maps-depth,2
check-maps-depth,2
check-maps-depth,2
new,MemoryChunk,0x10937b00000,1048576
new,MemoryChunk,0x39d9f300000,1048576
new,MemoryChunk,0x3681ba00000,1048576
new,MemoryChunk,0x15b5b700000,1048576
scavenge,begin,0,156250,1487449189972
scavenge,end,0,156250,1487449189972
check-maps-depth,2
check-maps-depth,2
check-maps-depth,2
check-maps-depth,2
check-maps-depth,2
check-maps-depth,3
check-maps-depth,3
new,MemoryChunk,0x307f3200000,1048576
check-maps-depth,1
scavenge,begin,0,187500,1487449190050
scavenge,end,0,187500,1487449190050
check-maps-depth,2
check-maps-depth,2
check-maps-depth,2
new,MemoryChunk,0x2b986500000,1048576
check-maps-depth,3
check-maps-depth,3
check-maps-depth,2
check-maps-depth,2
check-maps-depth,2
check-maps-depth,2
check-maps-depth,2
check-maps-depth,2
check-maps-depth,2
check-maps-depth,2
check-maps-depth,2
check-maps-depth,2
check-maps-depth,2
check-maps-depth,2
check-maps-depth,2
check-maps-depth,2
check-maps-depth,2
check-maps-depth,2
check-maps-depth,2
check-maps-depth,2
check-maps-depth,3
check-maps-depth,3
check-maps-depth,2
check-maps-depth,2
check-maps-depth,2
check-maps-depth,2
check-maps-depth,2
check-maps-depth,2
check-maps-depth,2
check-maps-depth,2
check-maps-depth,2
check-maps-depth,2
check-maps-depth,2
check-maps-depth,2
check-maps-depth,2
check-maps-depth,2
check-maps-depth,2
check-maps-depth,2
check-maps-depth,2
check-maps-depth,2
check-maps-depth,2
check-maps-depth,2
check-maps-depth,2
check-maps-depth,2
check-maps-depth,2
check-maps-depth,2
check-maps-depth,2
check-maps-depth,2
check-maps-depth,2
check-maps-depth,2
check-maps-depth,2
check-maps-depth,2
check-maps-depth,2
check-maps-depth,2
check-maps-depth,2
check-maps-depth,2
check-maps-depth,2
check-maps-depth,2
check-maps-depth,2
check-maps-depth,2
check-maps-depth,2
check-maps-depth,2
check-maps-depth,3
check-maps-depth,2
check-maps-depth,2
check-maps-depth,2
check-maps-depth,2
check-maps-depth,2
check-maps-depth,2
check-maps-depth,2
check-maps-depth,2
check-maps-depth,2
check-maps-depth,2
check-maps-depth,2
check-maps-depth,2
check-maps-depth,2
check-maps-depth,2
check-maps-depth,2
check-maps-depth,2
check-maps-depth,2
check-maps-depth,2
check-maps-depth,2
check-maps-depth,2
check-maps-depth,2
check-maps-depth,2
check-maps-depth,2
check-maps-depth,2
check-maps-depth,2
check-maps-depth,2
check-maps-depth,2
check-maps-depth,2
check-maps-depth,2
check-maps-depth,2
check-maps-depth,2
check-maps-depth,2
check-maps-depth,2
check-maps-depth,2
check-maps-depth,2
check-maps-depth,2
check-maps-depth,2
check-maps-depth,2
check-maps-depth,2
check-maps-depth,2
check-maps-depth,2
check-maps-depth,2
check-maps-depth,2
check-maps-depth,2
check-maps-depth,2
check-maps-depth,2
check-maps-depth,2
check-maps-depth,2
check-maps-depth,2
check-maps-depth,2
check-maps-depth,2
check-maps-depth,2
check-maps-depth,2
check-maps-depth,2
check-maps-depth,2
check-maps-depth,2
check-maps-depth,2
check-maps-depth,2
check-maps-depth,2
check-maps-depth,2
check-maps-depth,2
check-maps-depth,2
check-maps-depth,2
check-maps-depth,2
check-maps-depth,2
check-maps-depth,2
check-maps-depth,2
check-maps-depth,2
check-maps-depth,2
check-maps-depth,2
check-maps-depth,2
check-maps-depth,2
check-maps-depth,2
check-maps-depth,2
check-maps-depth,2
check-maps-depth,2
check-maps-depth,2
check-maps-depth,2
check-maps-depth,2
check-maps-depth,2
check-maps-depth,2
check-maps-depth,2
check-maps-depth,2
check-maps-depth,2
check-maps-depth,2
check-maps-depth,2
check-maps-depth,2
check-maps-depth,2
check-maps-depth,1
check-maps-depth,2
check-maps-depth,2
check-maps-depth,2
check-maps-depth,2
check-maps-depth,3
check-maps-depth,3
check-maps-depth,2
check-maps-depth,1
check-maps-depth,2
check-maps-depth,2
check-maps-depth,2
check-maps-depth,2
check-maps-depth,2
check-maps-depth,2
check-maps-depth,2
check-maps-depth,2
check-maps-depth,2
check-maps-depth,2
check-maps-depth,2
check-maps-depth,2
check-maps-depth,2
check-maps-depth,2
check-maps-depth,2
check-maps-depth,2
check-maps-depth,2
check-maps-depth,2
check-maps-depth,2
check-maps-depth,2
check-maps-depth,2
check-maps-depth,2
check-maps-depth,2
check-maps-depth,2
check-maps-depth,2
check-maps-depth,2
check-maps-depth,2
scavenge,begin,0,234375,1487449190097
new,MemoryChunk,0x1c4b3300000,1048576
scavenge,end,0,250000,1487449190112
check-maps-depth,1
check-maps-depth,1
check-maps-depth,2
check-maps-depth,2
check-maps-depth,3
check-maps-depth,2
check-maps-depth,2
check-maps-depth,2
new,MemoryChunk,0x135ea00000,1048576
check-maps-depth,2
check-maps-depth,2
check-maps-depth,2
check-maps-depth,2
check-maps-depth,2
check-maps-depth,2
check-maps-depth,2
check-maps-depth,2
check-maps-depth,2
check-maps-depth,2
check-maps-depth,2
check-maps-depth,2
check-maps-depth,2
check-maps-depth,2
check-maps-depth,2
check-maps-depth,2
check-maps-depth,2
check-maps-depth,1
check-maps-depth,2
check-maps-depth,2
check-maps-depth,2
check-maps-depth,2
check-maps-depth,2
check-maps-depth,2
check-maps-depth,2
check-maps-depth,2
check-maps-depth,2
check-maps-depth,2
check-maps-depth,2
check-maps-depth,2
check-maps-depth,2
check-maps-depth,2
check-maps-depth,2
check-maps-depth,2
check-maps-depth,2
check-maps-depth,2
check-maps-depth,2
check-maps-depth,2
check-maps-depth,2
check-maps-depth,3
check-maps-depth,3
check-maps-depth,1
check-maps-depth,1
check-maps-depth,1
check-maps-depth,2
check-maps-depth,3
check-maps-depth,3
check-maps-depth,3
check-maps-depth,3
check-maps-depth,3
check-maps-depth,3
check-maps-depth,3
check-maps-depth,3
check-maps-depth,3
check-maps-depth,3
check-maps-depth,3
check-maps-depth,3
check-maps-depth,2
check-maps-depth,4
check-maps-depth,4
check-maps-depth,4
check-maps-depth,4
check-maps-depth,4
check-maps-depth,4
check-maps-depth,4
check-maps-depth,4
check-maps-depth,4
check-maps-depth,4
check-maps-depth,4
check-maps-depth,2
check-maps-depth,3
check-maps-depth,3
check-maps-depth,4
check-maps-depth,4
check-maps-depth,4
check-maps-depth,4
check-maps-depth,4
check-maps-depth,4
check-maps-depth,4
check-maps-depth,4
check-maps-depth,4
check-maps-depth,4
check-maps-depth,4
check-maps-depth,2
check-maps-depth,2
check-maps-depth,2
check-maps-depth,2
check-maps-depth,2
check-maps-depth,2
check-maps-depth,2
check-maps-depth,2
check-maps-depth,2
check-maps-depth,2
check-maps-depth,4
check-maps-depth,4
check-maps-depth,2
check-maps-depth,2
check-maps-depth,3
check-maps-depth,3
check-maps-depth,3
check-maps-depth,3
check-maps-depth,2
scavenge,begin,0,296875,1487449190168
new,MemoryChunk,0x3c8c7000000,1048576
scavenge,end,0,296875,1487449190169
check-maps-depth,2
check-maps-depth,1
check-maps-depth,2
check-maps-depth,1
check-maps-depth,1
check-maps-depth,1
check-maps-depth,1
check-maps-depth,2
check-maps-depth,2
check-maps-depth,2
check-maps-depth,2
check-maps-depth,2
check-maps-depth,2
check-maps-depth,2
check-maps-depth,2
check-maps-depth,2
check-maps-depth,1
check-maps-depth,1
check-maps-depth,2
check-maps-depth,2
check-maps-depth,1
check-maps-depth,1
check-maps-depth,2
check-maps-depth,2
check-maps-depth,1
check-maps-depth,1
check-maps-depth,1
check-maps-depth,1
check-maps-depth,1
check-maps-depth,1
check-maps-depth,1
check-maps-depth,1
check-maps-depth,1
check-maps-depth,1
check-maps-depth,1
check-maps-depth,1
check-maps-depth,1
check-maps-depth,1
check-maps-depth,1
check-maps-depth,1
check-maps-depth,1
check-maps-depth,1
check-maps-depth,1
check-maps-depth,1
check-maps-depth,1
check-maps-depth,1
check-maps-depth,1
check-maps-depth,1
check-maps-depth,1
check-maps-depth,1
check-maps-depth,1
check-maps-depth,1
check-maps-depth,1
check-maps-depth,1
check-maps-depth,1
check-maps-depth,1
check-maps-depth,1
check-maps-depth,1
check-maps-depth,1
check-maps-depth,1
check-maps-depth,1
check-maps-depth,1
scavenge,begin,0,296875,1487449190173
new,MemoryChunk,0x2c172c00000,1048576
scavenge,end,0,296875,1487449190173
check-maps-depth,1
check-maps-depth,1
check-maps-depth,1
check-maps-depth,1
check-maps-depth,1
check-maps-depth,1
new,MemoryChunk,0x3eaed800000,1048576
check-maps-depth,1
check-maps-depth,1
check-maps-depth,1
check-maps-depth,1
check-maps-depth,1
check-maps-depth,1
check-maps-depth,1
check-maps-depth,1
check-maps-depth,1
check-maps-depth,1
check-maps-depth,1
check-maps-depth,1
check-maps-depth,1
check-maps-depth,1
new,MemoryChunk,0x282f0500000,1048576
new,MemoryChunk,0x3360900000,1048576
new,MemoryChunk,0xae13500000,1048576
new,MemoryChunk,0x15acdc00000,1048576
new,MemoryChunk,0x5d7100000,1048576
new,MemoryChunk,0x28a75700000,1048576
new,MemoryChunk,0x3b0fd00000,1048576
new,MemoryChunk,0x17f82800000,1048576
markcompact,begin,0,296875,1487449190188
markcompact,end,0,296875,1487449190188
check-maps-depth,4
check-maps-depth,5
check-maps-depth,1
check-maps-depth,2
check-maps-depth,2
check-maps-depth,2
check-maps-depth,2
check-maps-depth,2
check-maps-depth,2
check-maps-depth,2
check-maps-depth,2
check-maps-depth,2
check-maps-depth,2
check-maps-depth,2
check-maps-depth,2
check-maps-depth,2
check-maps-depth,2
check-maps-depth,2
check-maps-depth,2
check-maps-depth,2
check-maps-depth,2
check-maps-depth,2
check-maps-depth,2
check-maps-depth,2
check-maps-depth,2
check-maps-depth,2
check-maps-depth,2
check-maps-depth,2
check-maps-depth,2
check-maps-depth,2
check-maps-depth,2
check-maps-depth,2
check-maps-depth,2
check-maps-depth,2
check-maps-depth,2
check-maps-depth,2
check-maps-depth,2
check-maps-depth,2
check-maps-depth,2
check-maps-depth,2
check-maps-depth,2
check-maps-depth,2
check-maps-depth,1
check-maps-depth,2
check-maps-depth,2
check-maps-depth,2
check-maps-depth,2
check-maps-depth,2
check-maps-depth,2
check-maps-depth,2
check-maps-depth,2
check-maps-depth,2
check-maps-depth,2
check-maps-depth,2
check-maps-depth,2
check-maps-depth,2
check-maps-depth,2
check-maps-depth,2
check-maps-depth,2
check-maps-depth,2
check-maps-depth,2
check-maps-depth,2
check-maps-depth,2
check-maps-depth,2
check-maps-depth,2
check-maps-depth,2
check-maps-depth,2
check-maps-depth,2
check-maps-depth,2
check-maps-depth,2
check-maps-depth,2
check-maps-depth,2
check-maps-depth,2
check-maps-depth,2
check-maps-depth,2
check-maps-depth,2
check-maps-depth,2
check-maps-depth,2
check-maps-depth,2
check-maps-depth,2
check-maps-depth,2
check-maps-depth,2
check-maps-depth,2
check-maps-depth,2
check-maps-depth,2
check-maps-depth,2
check-maps-depth,2
check-maps-depth,2
check-maps-depth,2
check-maps-depth,2
check-maps-depth,1
check-maps-depth,3
check-maps-depth,3
check-maps-depth,3
check-maps-depth,3
check-maps-depth,3
check-maps-depth,3
check-maps-depth,1
check-maps-depth,2
check-maps-depth,5
check-maps-depth,2
check-maps-depth,2
check-maps-depth,2
check-maps-depth,4
check-maps-depth,2
check-maps-depth,5
check-maps-depth,2
check-maps-depth,2
check-maps-depth,4
check-maps-depth,3
check-maps-depth,3
check-maps-depth,5
check-maps-depth,5
check-maps-depth,2
check-maps-depth,5
check-maps-depth,2
check-maps-depth,5
check-maps-depth,5
check-maps-depth,5
check-maps-depth,5
check-maps-depth,2
check-maps-depth,2
check-maps-depth,2
check-maps-depth,2
check-maps-depth,2
check-maps-depth,5
check-maps-depth,1
check-maps-depth,1
check-maps-depth,1
check-maps-depth,1
check-maps-depth,2
check-maps-depth,1
check-maps-depth,4
check-maps-depth,2
check-maps-depth,2
check-maps-depth,3
check-maps-depth,3
check-maps-depth,3
check-maps-depth,3
check-maps-depth,1
check-maps-depth,1
new,MemoryChunk,0x38b38600000,1048576
check-maps-depth,1
check-maps-depth,1
check-maps-depth,2
check-maps-depth,2
check-maps-depth,2
check-maps-depth,2
check-maps-depth,2
check-maps-depth,2
check-maps-depth,2
check-maps-depth,2
check-maps-depth,2
check-maps-depth,2
check-maps-depth,2
check-maps-depth,2
check-maps-depth,2
check-maps-depth,2
check-maps-depth,2
check-maps-depth,2
check-maps-depth,2
check-maps-depth,2
check-maps-depth,2
check-maps-depth,2
check-maps-depth,2
check-maps-depth,2
check-maps-depth,2
check-maps-depth,2
check-maps-depth,2
check-maps-depth,2
check-maps-depth,2
check-maps-depth,2
check-maps-depth,2
check-maps-depth,2
check-maps-depth,2
check-maps-depth,1
scavenge,begin,0,328125,1487449190335
scavenge,end,0,343750,1487449190351
check-maps-depth,1
check-maps-depth,2
check-maps-depth,2
check-maps-depth,1
check-maps-depth,2
check-maps-depth,2
check-maps-depth,2
check-maps-depth,2
check-maps-depth,1
check-maps-depth,1
check-maps-depth,1
check-maps-depth,1
check-maps-depth,1
check-maps-depth,2
check-maps-depth,2
check-maps-depth,2
check-maps-depth,2
check-maps-depth,2
check-maps-depth,2
check-maps-depth,2
check-maps-depth,1
check-maps-depth,2
check-maps-depth,2
check-maps-depth,1
check-maps-depth,2
check-maps-depth,2
check-maps-depth,2
check-maps-depth,2
check-maps-depth,1
check-maps-depth,1
check-maps-depth,2
check-maps-depth,2
check-maps-depth,2
check-maps-depth,1
check-maps-depth,1
check-maps-depth,2
check-maps-depth,2
check-maps-depth,1
check-maps-depth,2
check-maps-depth,2
check-maps-depth,2
check-maps-depth,2
check-maps-depth,2
check-maps-depth,2
check-maps-depth,2
check-maps-depth,2
check-maps-depth,2
check-maps-depth,2
check-maps-depth,2
check-maps-depth,2
check-maps-depth,2
check-maps-depth,2
check-maps-depth,2
check-maps-depth,2
check-maps-depth,2
check-maps-depth,2
check-maps-depth,2
check-maps-depth,2
check-maps-depth,2
check-maps-depth,2
check-maps-depth,1
check-maps-depth,2
check-maps-depth,1
check-maps-depth,2
check-maps-depth,2
check-maps-depth,1
check-maps-depth,2
check-maps-depth,2
check-maps-depth,2
check-maps-depth,2
check-maps-depth,2
check-maps-depth,2
check-maps-depth,2
check-maps-depth,2
check-maps-depth,2
check-maps-depth,2
check-maps-depth,2
check-maps-depth,2
check-maps-depth,2
check-maps-depth,2
check-maps-depth,2
check-maps-depth,2
check-maps-depth,2
check-maps-depth,2
check-maps-depth,2
check-maps-depth,2
check-maps-depth,2
check-maps-depth,2
check-maps-depth,1
check-maps-depth,2
check-maps-depth,1
check-maps-depth,1
check-maps-depth,2
check-maps-depth,1
check-maps-depth,1
check-maps-depth,2
check-maps-depth,1
check-maps-depth,2
check-maps-depth,2
check-maps-depth,1
check-maps-depth,2
check-maps-depth,2
new,MemoryChunk,0x2b986600000,1048576
check-maps-depth,1
check-maps-depth,1
check-maps-depth,1
check-maps-depth,1
check-maps-depth,1
check-maps-depth,2
check-maps-depth,1
check-maps-depth,1
check-maps-depth,1
check-maps-depth,2
check-maps-depth,2
check-maps-depth,1
check-maps-depth,1
check-maps-depth,1
check-maps-depth,2
check-maps-depth,1
check-maps-depth,2
check-maps-depth,1
check-maps-depth,2
check-maps-depth,1
check-maps-depth,2
check-maps-depth,2
check-maps-depth,2
check-maps-depth,2
check-maps-depth,2
check-maps-depth,2
check-maps-depth,1
check-maps-depth,2
check-maps-depth,2
check-maps-depth,1
check-maps-depth,2
check-maps-depth,2
check-maps-depth,1
check-maps-depth,2
check-maps-depth,1
check-maps-depth,2
check-maps-depth,2
check-maps-depth,2
check-maps-depth,4
check-maps-depth,2
check-maps-depth,2
check-maps-depth,1
check-maps-depth,2
check-maps-depth,2
check-maps-depth,4
check-maps-depth,4
check-maps-depth,2
check-maps-depth,2
check-maps-depth,2
check-maps-depth,2
check-maps-depth,2
check-maps-depth,2
check-maps-depth,2
check-maps-depth,2
check-maps-depth,2
check-maps-depth,2
check-maps-depth,2
check-maps-depth,2
check-maps-depth,2
check-maps-depth,2
check-maps-depth,2
check-maps-depth,2
check-maps-depth,2
check-maps-depth,2
check-maps-depth,2
check-maps-depth,2
check-maps-depth,2
check-maps-depth,2
check-maps-depth,2
check-maps-depth,2
check-maps-depth,2
check-maps-depth,2
check-maps-depth,2
check-maps-depth,2
check-maps-depth,2
check-maps-depth,2
check-maps-depth,2
check-maps-depth,2
check-maps-depth,1
check-maps-depth,2
check-maps-depth,2
check-maps-depth,2
check-maps-depth,3
check-maps-depth,2
check-maps-depth,2
check-maps-depth,2
check-maps-depth,1
check-maps-depth,2
check-maps-depth,2
check-maps-depth,2
check-maps-depth,2
check-maps-depth,2
check-maps-depth,2
check-maps-depth,2
check-maps-depth,2
check-maps-depth,2
check-maps-depth,2
check-maps-depth,2
check-maps-depth,2
check-maps-depth,2
check-maps-depth,2
check-maps-depth,2
check-maps-depth,2
check-maps-depth,2
check-maps-depth,2
check-maps-depth,2
check-maps-depth,2
check-maps-depth,2
check-maps-depth,2
check-maps-depth,2
check-maps-depth,2
check-maps-depth,2
check-maps-depth,2
check-maps-depth,3
check-maps-depth,2
check-maps-depth,1
check-maps-depth,2
check-maps-depth,2
check-maps-depth,2
check-maps-depth,2
check-maps-depth,2
check-maps-depth,3
check-maps-depth,2
check-maps-depth,3
check-maps-depth,2
check-maps-depth,4
check-maps-depth,4
check-maps-depth,4
check-maps-depth,2
check-maps-depth,2
check-maps-depth,2
check-maps-depth,2
check-maps-depth,2
check-maps-depth,2
check-maps-depth,2
check-maps-depth,2
check-maps-depth,2
check-maps-depth,2
check-maps-depth,2
check-maps-depth,2
check-maps-depth,2
check-maps-depth,2
check-maps-depth,2
check-maps-depth,2
check-maps-depth,2
check-maps-depth,2
check-maps-depth,2
check-maps-depth,2
check-maps-depth,2
check-maps-depth,2
check-maps-depth,2
check-maps-depth,2
check-maps-depth,2
check-maps-depth,2
check-maps-depth,2
check-maps-depth,2
check-maps-depth,2
check-maps-depth,2
check-maps-depth,3
check-maps-depth,2
check-maps-depth,1
check-maps-depth,2
check-maps-depth,2
check-maps-depth,3
check-maps-depth,2
check-maps-depth,3
check-maps-depth,2
check-maps-depth,2
check-maps-depth,2
check-maps-depth,2
check-maps-depth,2
check-maps-depth,2
check-maps-depth,2
check-maps-depth,2
check-maps-depth,2
check-maps-depth,2
check-maps-depth,2
check-maps-depth,2
check-maps-depth,2
check-maps-depth,2
check-maps-depth,2
check-maps-depth,2
check-maps-depth,2
check-maps-depth,2
check-maps-depth,2
check-maps-depth,2
check-maps-depth,2
check-maps-depth,2
check-maps-depth,2
check-maps-depth,2
check-maps-depth,2
check-maps-depth,2
check-maps-depth,3
check-maps-depth,2
check-maps-depth,1
check-maps-depth,2
check-maps-depth,2
check-maps-depth,3
check-maps-depth,2
check-maps-depth,3
check-maps-depth,2
check-maps-depth,2
check-maps-depth,2
check-maps-depth,2
check-maps-depth,2
check-maps-depth,2
check-maps-depth,2
check-maps-depth,2
check-maps-depth,2
check-maps-depth,2
check-maps-depth,2
check-maps-depth,2
check-maps-depth,2
check-maps-depth,2
check-maps-depth,2
check-maps-depth,2
check-maps-depth,2
check-maps-depth,2
check-maps-depth,2
check-maps-depth,2
check-maps-depth,2
check-maps-depth,2
check-maps-depth,2
check-maps-depth,2
check-maps-depth,2
check-maps-depth,2
check-maps-depth,3
check-maps-depth,2
check-maps-depth,1
check-maps-depth,2
check-maps-depth,2
check-maps-depth,3
check-maps-depth,2
check-maps-depth,3
check-maps-depth,2
check-maps-depth,2
check-maps-depth,2
check-maps-depth,2
check-maps-depth,2
check-maps-depth,2
check-maps-depth,2
check-maps-depth,2
check-maps-depth,2
check-maps-depth,2
check-maps-depth,2
check-maps-depth,2
check-maps-depth,2
check-maps-depth,2
check-maps-depth,2
check-maps-depth,2
check-maps-depth,2
check-maps-depth,2
check-maps-depth,2
check-maps-depth,2
check-maps-depth,2
check-maps-depth,2
check-maps-depth,2
check-maps-depth,2
check-maps-depth,2
check-maps-depth,3
check-maps-depth,2
check-maps-depth,1
check-maps-depth,2
check-maps-depth,2
check-maps-depth,3
check-maps-depth,3
check-maps-depth,2
check-maps-depth,2
check-maps-depth,2
check-maps-depth,2
check-maps-depth,2
check-maps-depth,2
check-maps-depth,2
check-maps-depth,2
check-maps-depth,2
check-maps-depth,2
check-maps-depth,2
check-maps-depth,2
check-maps-depth,2
check-maps-depth,2
check-maps-depth,2
check-maps-depth,2
check-maps-depth,2
check-maps-depth,2
check-maps-depth,2
check-maps-depth,2
check-maps-depth,2
check-maps-depth,2
check-maps-depth,2
check-maps-depth,2
check-maps-depth,2
check-maps-depth,3
check-maps-depth,2
check-maps-depth,1
check-maps-depth,2
check-maps-depth,2
check-maps-depth,3
check-maps-depth,3
check-maps-depth,2
check-maps-depth,2
check-maps-depth,2
check-maps-depth,2
check-maps-depth,2
check-maps-depth,2
check-maps-depth,2
check-maps-depth,2
check-maps-depth,2
check-maps-depth,2
check-maps-depth,2
check-maps-depth,2
check-maps-depth,2
check-maps-depth,2
check-maps-depth,2
check-maps-depth,2
check-maps-depth,2
check-maps-depth,2
check-maps-depth,2
check-maps-depth,2
check-maps-depth,2
check-maps-depth,2
check-maps-depth,2
check-maps-depth,2
check-maps-depth,2
check-maps-depth,3
check-maps-depth,2
check-maps-depth,1
check-maps-depth,2
check-maps-depth,2
check-maps-depth,3
check-maps-depth,3
check-maps-depth,2
check-maps-depth,2
check-maps-depth,2
check-maps-depth,2
check-maps-depth,2
check-maps-depth,2
check-maps-depth,2
check-maps-depth,2
check-maps-depth,2
check-maps-depth,2
check-maps-depth,2
check-maps-depth,2
check-maps-depth,2
check-maps-depth,2
check-maps-depth,2
check-maps-depth,2
check-maps-depth,2
check-maps-depth,2
check-maps-depth,2
check-maps-depth,2
check-maps-depth,2
check-maps-depth,2
check-maps-depth,2
check-maps-depth,2
check-maps-depth,2
check-maps-depth,3
check-maps-depth,2
check-maps-depth,1
check-maps-depth,2
check-maps-depth,2
check-maps-depth,3
check-maps-depth,3
check-maps-depth,2
check-maps-depth,2
check-maps-depth,1
check-maps-depth,2
check-maps-depth,1
check-maps-depth,1
check-maps-depth,1
check-maps-depth,1
check-maps-depth,2
check-maps-depth,1
check-maps-depth,1
check-maps-depth,1
check-maps-depth,1
check-maps-depth,2
check-maps-depth,1
check-maps-depth,1
check-maps-depth,1
check-maps-depth,1
check-maps-depth,1
check-maps-depth,1
check-maps-depth,1
check-maps-depth,2
check-maps-depth,2
check-maps-depth,2
check-maps-depth,1
check-maps-depth,1
check-maps-depth,1
check-maps-depth,1
check-maps-depth,1
check-maps-depth,1
check-maps-depth,1
check-maps-depth,2
check-maps-depth,2
check-maps-depth,2
check-maps-depth,2
check-maps-depth,1
check-maps-depth,1
check-maps-depth,1
check-maps-depth,1
check-maps-depth,2
check-maps-depth,1
check-maps-depth,1
check-maps-depth,1
check-maps-depth,1
check-maps-depth,1
check-maps-depth,2
check-maps-depth,2
check-maps-depth,2
check-maps-depth,2
check-maps-depth,1
check-maps-depth,1
check-maps-depth,1
check-maps-depth,1
check-maps-depth,2
check-maps-depth,3
check-maps-depth,3
check-maps-depth,3
check-maps-depth,3
check-maps-depth,3
check-maps-depth,3
check-maps-depth,3
check-maps-depth,3
check-maps-depth,3
check-maps-depth,3
check-maps-depth,3
check-maps-depth,1
check-maps-depth,3
check-maps-depth,3
check-maps-depth,3
check-maps-depth,2
check-maps-depth,2
check-maps-depth,2
check-maps-depth,3
check-maps-depth,3
check-maps-depth,3
check-maps-depth,2
check-maps-depth,3
check-maps-depth,3
check-maps-depth,3
check-maps-depth,2
check-maps-depth,3
check-maps-depth,2
check-maps-depth,2
check-maps-depth,4
check-maps-depth,2
check-maps-depth,4
check-maps-depth,2
check-maps-depth,2
check-maps-depth,1
check-maps-depth,4
check-maps-depth,2
check-maps-depth,3
check-maps-depth,3
check-maps-depth,3
check-maps-depth,3
check-maps-depth,2
check-maps-depth,1
check-maps-depth,1
check-maps-depth,2
check-maps-depth,2
check-maps-depth,2
check-maps-depth,2
check-maps-depth,1
check-maps-depth,1
check-maps-depth,1
check-maps-depth,1
check-maps-depth,1
check-maps-depth,2
check-maps-depth,3
check-maps-depth,3
check-maps-depth,3
check-maps-depth,3
check-maps-depth,3
check-maps-depth,3
check-maps-depth,3
check-maps-depth,3
check-maps-depth,3
check-maps-depth,3
check-maps-depth,3
check-maps-depth,1
check-maps-depth,3
check-maps-depth,3
check-maps-depth,3
check-maps-depth,2
check-maps-depth,2
check-maps-depth,2
check-maps-depth,2
check-maps-depth,3
check-maps-depth,3
check-maps-depth,3
check-maps-depth,2
check-maps-depth,3
check-maps-depth,3
check-maps-depth,3
check-maps-depth,2
check-maps-depth,3
check-maps-depth,2
check-maps-depth,2
check-maps-depth,4
check-maps-depth,2
check-maps-depth,4
check-maps-depth,2
check-maps-depth,2
check-maps-depth,1
check-maps-depth,2
check-maps-depth,3
check-maps-depth,1
check-maps-depth,3
check-maps-depth,3
check-maps-depth,3
check-maps-depth,2
check-maps-depth,1
check-maps-depth,2
check-maps-depth,2
check-maps-depth,2
check-maps-depth,2
check-maps-depth,1
check-maps-depth,1
check-maps-depth,1
check-maps-depth,1
check-maps-depth,2
check-maps-depth,3
check-maps-depth,3
check-maps-depth,3
check-maps-depth,3
check-maps-depth,3
check-maps-depth,3
check-maps-depth,3
check-maps-depth,3
check-maps-depth,3
check-maps-depth,3
check-maps-depth,3
check-maps-depth,1
check-maps-depth,3
check-maps-depth,3
check-maps-depth,3
check-maps-depth,2
check-maps-depth,2
check-maps-depth,2
check-maps-depth,2
check-maps-depth,3
check-maps-depth,3
check-maps-depth,3
check-maps-depth,2
check-maps-depth,3
check-maps-depth,3
check-maps-depth,3
check-maps-depth,2
check-maps-depth,3
check-maps-depth,2
check-maps-depth,2
check-maps-depth,4
check-maps-depth,2
check-maps-depth,4
check-maps-depth,2
check-maps-depth,2
check-maps-depth,2
check-maps-depth,3
check-maps-depth,3
check-maps-depth,3
check-maps-depth,3
check-maps-depth,2
check-maps-depth,1
check-maps-depth,1
check-maps-depth,2
check-maps-depth,2
check-maps-depth,2
check-maps-depth,2
check-maps-depth,1
check-maps-depth,1
check-maps-depth,1
check-maps-depth,1
check-maps-depth,1
check-maps-depth,2
check-maps-depth,3
check-maps-depth,3
check-maps-depth,3
check-maps-depth,3
check-maps-depth,3
check-maps-depth,3
check-maps-depth,3
check-maps-depth,3
check-maps-depth,3
check-maps-depth,3
check-maps-depth,3
check-maps-depth,1
check-maps-depth,3
check-maps-depth,3
check-maps-depth,3
check-maps-depth,2
check-maps-depth,2
check-maps-depth,2
check-maps-depth,2
check-maps-depth,3
check-maps-depth,3
check-maps-depth,3
check-maps-depth,2
check-maps-depth,3
check-maps-depth,3
check-maps-depth,3
check-maps-depth,2
check-maps-depth,3
check-maps-depth,2
check-maps-depth,2
check-maps-depth,4
check-maps-depth,2
check-maps-depth,4
check-maps-depth,2
check-maps-depth,2
check-maps-depth,1
check-maps-depth,2
check-maps-depth,3
check-maps-depth,1
check-maps-depth,3
check-maps-depth,3
check-maps-depth,3
check-maps-depth,1
check-maps-depth,2
check-maps-depth,2
check-maps-depth,1
check-maps-depth,2
check-maps-depth,2
check-maps-depth,1
check-maps-depth,2
check-maps-depth,2
check-maps-depth,2
new,MemoryChunk,0x3ca05c00000,1048576
check-maps-depth,1
check-maps-depth,1
check-maps-depth,1
check-maps-depth,1
check-maps-depth,1
check-maps-depth,2
check-maps-depth,2
check-maps-depth,2
check-maps-depth,1
check-maps-depth,2
check-maps-depth,2
check-maps-depth,2
check-maps-depth,2
check-maps-depth,1
check-maps-depth,1
check-maps-depth,2
check-maps-depth,2
check-maps-depth,2
check-maps-depth,2
check-maps-depth,2
check-maps-depth,2
check-maps-depth,2
check-maps-depth,2
check-maps-depth,2
check-maps-depth,2
check-maps-depth,2
check-maps-depth,2
check-maps-depth,2
check-maps-depth,2
check-maps-depth,2
check-maps-depth,2
check-maps-depth,2
check-maps-depth,2
check-maps-depth,2
check-maps-depth,2
check-maps-depth,2
check-maps-depth,2
check-maps-depth,2
check-maps-depth,2
check-maps-depth,2
check-maps-depth,1
check-maps-depth,1
scavenge,begin,0,437500,1487449190496
scavenge,end,0,453125,1487449190512
check-maps-depth,1
check-maps-depth,1
check-maps-depth,3
check-maps-depth,1
check-maps-depth,1
check-maps-depth,1
check-maps-depth,2
check-maps-depth,3
check-maps-depth,3
check-maps-depth,3
check-maps-depth,3
check-maps-depth,3
check-maps-depth,2
check-maps-depth,2
check-maps-depth,2
check-maps-depth,1
check-maps-depth,2
check-maps-depth,4
check-maps-depth,1
check-maps-depth,1
check-maps-depth,3
check-maps-depth,2
check-maps-depth,1
check-maps-depth,1
new,MemoryChunk,0x2e7d2c00000,1048576
check-maps-depth,2
check-maps-depth,2
check-maps-depth,2
check-maps-depth,2
check-maps-depth,2
check-maps-depth,4
check-maps-depth,4
check-maps-depth,4
check-maps-depth,4
check-maps-depth,4
check-maps-depth,4
check-maps-depth,2
check-maps-depth,1
check-maps-depth,2
check-maps-depth,2
check-maps-depth,2
check-maps-depth,2
check-maps-depth,2
check-maps-depth,2
check-maps-depth,3
check-maps-depth,3
check-maps-depth,3
check-maps-depth,3
check-maps-depth,3
check-maps-depth,1
check-maps-depth,2
check-maps-depth,2
check-maps-depth,3
check-maps-depth,3
check-maps-depth,3
check-maps-depth,2
check-maps-depth,1
check-maps-depth,2
check-maps-depth,3
check-maps-depth,2
check-maps-depth,1
check-maps-depth,1
check-maps-depth,3
check-maps-depth,3
check-maps-depth,1
check-maps-depth,2
check-maps-depth,3
check-maps-depth,1
check-maps-depth,1
check-maps-depth,2
check-maps-depth,2
check-maps-depth,1
check-maps-depth,2
check-maps-depth,2
check-maps-depth,1
check-maps-depth,1
check-maps-depth,2
check-maps-depth,2
check-maps-depth,2
check-maps-depth,4
check-maps-depth,2
check-maps-depth,1
check-maps-depth,2
check-maps-depth,2
check-maps-depth,2
check-maps-depth,2
check-maps-depth,2
check-maps-depth,2
check-maps-depth,2
check-maps-depth,2
check-maps-depth,2
check-maps-depth,2
check-maps-depth,2
check-maps-depth,2
check-maps-depth,2
check-maps-depth,2
check-maps-depth,2
check-maps-depth,2
check-maps-depth,2
check-maps-depth,1
check-maps-depth,1
check-maps-depth,2
check-maps-depth,2
check-maps-depth,2
check-maps-depth,2
check-maps-depth,1
check-maps-depth,1
check-maps-depth,1
check-maps-depth,1
check-maps-depth,2
check-maps-depth,2
check-maps-depth,3
check-maps-depth,3
check-maps-depth,3
check-maps-depth,3
check-maps-depth,2
check-maps-depth,2
check-maps-depth,2
check-maps-depth,2
check-maps-depth,4
check-maps-depth,1
check-maps-depth,2
check-maps-depth,1
check-maps-depth,2
check-maps-depth,2
check-maps-depth,2
check-maps-depth,2
check-maps-depth,2
check-maps-depth,2
check-maps-depth,2
check-maps-depth,1
check-maps-depth,3
check-maps-depth,1
check-maps-depth,3
check-maps-depth,1
check-maps-depth,4
check-maps-depth,3
check-maps-depth,3
check-maps-depth,1
check-maps-depth,2
check-maps-depth,5
check-maps-depth,5
check-maps-depth,5
check-maps-depth,2
check-maps-depth,2
check-maps-depth,2
check-maps-depth,5
check-maps-depth,2
check-maps-depth,5
check-maps-depth,5
check-maps-depth,5
check-maps-depth,5
check-maps-depth,2
check-maps-depth,2
check-maps-depth,2
check-maps-depth,1
check-maps-depth,2
check-maps-depth,1
check-maps-depth,2
check-maps-depth,1
check-maps-depth,1
check-maps-depth,5
check-maps-depth,4
check-maps-depth,2
check-maps-depth,2
check-maps-depth,2
check-maps-depth,2
check-maps-depth,2
check-maps-depth,2
check-maps-depth,2
check-maps-depth,2
check-maps-depth,2
check-maps-depth,2
check-maps-depth,2
check-maps-depth,2
check-maps-depth,1
check-maps-depth,1
check-maps-depth,2
check-maps-depth,2
check-maps-depth,2
check-maps-depth,2
check-maps-depth,2
check-maps-depth,2
check-maps-depth,2
check-maps-depth,2
check-maps-depth,2
check-maps-depth,2
check-maps-depth,2
check-maps-depth,2
check-maps-depth,2
check-maps-depth,2
check-maps-depth,2
check-maps-depth,2
check-maps-depth,2
check-maps-depth,2
check-maps-depth,2
check-maps-depth,2
check-maps-depth,2
check-maps-depth,2
check-maps-depth,2
check-maps-depth,2
check-maps-depth,2
check-maps-depth,2
check-maps-depth,2
check-maps-depth,1
check-maps-depth,1
check-maps-depth,2
check-maps-depth,2
check-maps-depth,2
check-maps-depth,2
check-maps-depth,2
check-maps-depth,2
check-maps-depth,2
check-maps-depth,2
check-maps-depth,2
check-maps-depth,2
check-maps-depth,2
check-maps-depth,2
check-maps-depth,2
check-maps-depth,2
check-maps-depth,2
check-maps-depth,2
check-maps-depth,2
check-maps-depth,2
check-maps-depth,2
check-maps-depth,2
check-maps-depth,2
check-maps-depth,2
check-maps-depth,2
check-maps-depth,2
check-maps-depth,2
check-maps-depth,2
check-maps-depth,2
check-maps-depth,2
check-maps-depth,2
check-maps-depth,2
check-maps-depth,2
check-maps-depth,2
check-maps-depth,2
check-maps-depth,2
check-maps-depth,2
check-maps-depth,2
check-maps-depth,2
check-maps-depth,2
check-maps-depth,2
check-maps-depth,2
check-maps-depth,2
check-maps-depth,2
check-maps-depth,2
check-maps-depth,2
check-maps-depth,2
check-maps-depth,2
check-maps-depth,2
check-maps-depth,2
check-maps-depth,2
check-maps-depth,2
check-maps-depth,2
check-maps-depth,2
check-maps-depth,2
check-maps-depth,2
check-maps-depth,2
check-maps-depth,2
check-maps-depth,2
check-maps-depth,2
check-maps-depth,2
check-maps-depth,2
check-maps-depth,2
check-maps-depth,2
check-maps-depth,2
check-maps-depth,2
check-maps-depth,2
check-maps-depth,2
check-maps-depth,2
check-maps-depth,2
check-maps-depth,2
check-maps-depth,2
check-maps-depth,2
check-maps-depth,2
check-maps-depth,2
check-maps-depth,2
check-maps-depth,2
check-maps-depth,2
check-maps-depth,2
check-maps-depth,2
check-maps-depth,2
check-maps-depth,2
check-maps-depth,2
check-maps-depth,2
check-maps-depth,2
check-maps-depth,2
check-maps-depth,2
check-maps-depth,2
check-maps-depth,2
check-maps-depth,2
check-maps-depth,2
check-maps-depth,2
check-maps-depth,2
check-maps-depth,2
check-maps-depth,2
check-maps-depth,2
check-maps-depth,2
check-maps-depth,2
check-maps-depth,2
check-maps-depth,2
check-maps-depth,2
check-maps-depth,2
check-maps-depth,2
check-maps-depth,2
check-maps-depth,2
check-maps-depth,2
check-maps-depth,2
check-maps-depth,2
check-maps-depth,2
check-maps-depth,2
check-maps-depth,2
check-maps-depth,2
check-maps-depth,2
check-maps-depth,2
check-maps-depth,2
check-maps-depth,2
check-maps-depth,2
check-maps-depth,2
check-maps-depth,2
check-maps-depth,1
check-maps-depth,1
check-maps-depth,2
check-maps-depth,2
check-maps-depth,2
check-maps-depth,2
check-maps-depth,2
check-maps-depth,2
check-maps-depth,1
check-maps-depth,1
new,MemoryChunk,0x1be59800000,1048576
check-maps-depth,2
check-maps-depth,1
check-maps-depth,1
check-maps-depth,2
check-maps-depth,2
check-maps-depth,2
check-maps-depth,2
check-maps-depth,2
check-maps-depth,2
check-maps-depth,2
check-maps-depth,2
check-maps-depth,2
check-maps-depth,2
check-maps-depth,2
check-maps-depth,2
check-maps-depth,2
check-maps-depth,2
check-maps-depth,2
check-maps-depth,2
check-maps-depth,2
check-maps-depth,2
check-maps-depth,2
check-maps-depth,2
check-maps-depth,2
check-maps-depth,2
check-maps-depth,2
check-maps-depth,4
check-maps-depth,1
check-maps-depth,2
check-maps-depth,3
check-maps-depth,2
check-maps-depth,2
check-maps-depth,1
check-maps-depth,2
check-maps-depth,2
scavenge,begin,0,515625,1487449190589
scavenge,end,0,515625,1487449190589
new,MemoryChunk,0x34346a00000,1048576
check-maps-depth,1
check-maps-depth,1
check-maps-depth,1
check-maps-depth,1
check-maps-depth,1
check-maps-depth,1
check-maps-depth,1
check-maps-depth,1
check-maps-depth,1
check-maps-depth,1
check-maps-depth,1
check-maps-depth,1
check-maps-depth,1
check-maps-depth,1
check-maps-depth,2
check-maps-depth,2
check-maps-depth,2
check-maps-depth,2
check-maps-depth,2
check-maps-depth,2
check-maps-depth,2
check-maps-depth,2
check-maps-depth,2
check-maps-depth,2
check-maps-depth,2
check-maps-depth,2
check-maps-depth,2
check-maps-depth,2
check-maps-depth,2
check-maps-depth,2
check-maps-depth,2
check-maps-depth,2
check-maps-depth,2
check-maps-depth,2
check-maps-depth,2
check-maps-depth,2
check-maps-depth,2
check-maps-depth,2
check-maps-depth,2
check-maps-depth,2
check-maps-depth,2
check-maps-depth,1
check-maps-depth,1
check-maps-depth,1
check-maps-depth,1
check-maps-depth,1
check-maps-depth,1
check-maps-depth,1
check-maps-depth,1
check-maps-depth,1
check-maps-depth,1
check-maps-depth,1
check-maps-depth,1
check-maps-depth,1
check-maps-depth,1
check-maps-depth,1
check-maps-depth,1
check-maps-depth,1
check-maps-depth,1
check-maps-depth,1
check-maps-depth,1
check-maps-depth,1
check-maps-depth,1
check-maps-depth,1
check-maps-depth,1
check-maps-depth,1
check-maps-depth,1
check-maps-depth,2
check-maps-depth,2
check-maps-depth,2
check-maps-depth,2
check-maps-depth,2
check-maps-depth,1
check-maps-depth,1
check-maps-depth,1
check-maps-depth,2
check-maps-depth,2
check-maps-depth,2
check-maps-depth,2
check-maps-depth,2
check-maps-depth,2
check-maps-depth,2
check-maps-depth,2
check-maps-depth,2
check-maps-depth,2
check-maps-depth,2
check-maps-depth,2
check-maps-depth,2
check-maps-depth,2
check-maps-depth,2
check-maps-depth,2
check-maps-depth,2
check-maps-depth,2
check-maps-depth,2
check-maps-depth,2
check-maps-depth,2
check-maps-depth,2
check-maps-depth,2
check-maps-depth,2
check-maps-depth,2
check-maps-depth,2
check-maps-depth,2
check-maps-depth,2
check-maps-depth,2
check-maps-depth,2
check-maps-depth,2
check-maps-depth,2
check-maps-depth,2
check-maps-depth,2
check-maps-depth,2
check-maps-depth,2
check-maps-depth,2
check-maps-depth,2
check-maps-depth,2
check-maps-depth,1
check-maps-depth,1
check-maps-depth,2
check-maps-depth,2
check-maps-depth,2
check-maps-depth,1
check-maps-depth,1
check-maps-depth,1
check-maps-depth,1
check-maps-depth,1
check-maps-depth,1
check-maps-depth,2
check-maps-depth,2
check-maps-depth,2
check-maps-depth,2
check-maps-depth,2
check-maps-depth,2
check-maps-depth,2
check-maps-depth,2
check-maps-depth,2
check-maps-depth,2
check-maps-depth,2
check-maps-depth,2
check-maps-depth,2
check-maps-depth,2
check-maps-depth,2
check-maps-depth,2
check-maps-depth,2
check-maps-depth,2
check-maps-depth,2
check-maps-depth,2
check-maps-depth,2
check-maps-depth,2
check-maps-depth,2
check-maps-depth,2
check-maps-depth,2
check-maps-depth,2
check-maps-depth,2
check-maps-depth,2
check-maps-depth,2
check-maps-depth,2
check-maps-depth,2
check-maps-depth,2
check-maps-depth,2
check-maps-depth,2
check-maps-depth,2
check-maps-depth,2
check-maps-depth,2
check-maps-depth,2
check-maps-depth,2
check-maps-depth,2
check-maps-depth,2
check-maps-depth,2
check-maps-depth,2
check-maps-depth,2
check-maps-depth,4
check-maps-depth,2
check-maps-depth,2
check-maps-depth,2
check-maps-depth,2
check-maps-depth,2
check-maps-depth,2
check-maps-depth,2
check-maps-depth,2
check-maps-depth,2
check-maps-depth,2
check-maps-depth,2
check-maps-depth,2
check-maps-depth,2
check-maps-depth,2
check-maps-depth,3
check-maps-depth,1
check-maps-depth,2
check-maps-depth,1
check-maps-depth,2
check-maps-depth,2
check-maps-depth,2
check-maps-depth,2
check-maps-depth,2
check-maps-depth,2
check-maps-depth,1
check-maps-depth,2
check-maps-depth,2
check-maps-depth,2
check-maps-depth,2
check-maps-depth,3
check-maps-depth,2
check-maps-depth,2
check-maps-depth,2
check-maps-depth,1
check-maps-depth,3
check-maps-depth,2
check-maps-depth,2
check-maps-depth,2
check-maps-depth,1
check-maps-depth,2
check-maps-depth,2
check-maps-depth,1
check-maps-depth,2
check-maps-depth,2
check-maps-depth,2
check-maps-depth,2
check-maps-depth,2
check-maps-depth,2
check-maps-depth,2
check-maps-depth,2
check-maps-depth,2
check-maps-depth,2
check-maps-depth,2
check-maps-depth,2
check-maps-depth,2
check-maps-depth,2
check-maps-depth,2
check-maps-depth,2
check-maps-depth,2
check-maps-depth,2
check-maps-depth,2
check-maps-depth,2
check-maps-depth,2
check-maps-depth,2
check-maps-depth,1
check-maps-depth,2
check-maps-depth,2
check-maps-depth,2
check-maps-depth,2
check-maps-depth,2
check-maps-depth,2
check-maps-depth,2
check-maps-depth,2
check-maps-depth,2
scavenge,begin,0,562500,1487449190651
new,MemoryChunk,0x13fb1800000,1048576
scavenge,end,0,562500,1487449190651
check-maps-depth,2
new,MemoryChunk,0x2b986700000,1048576
check-maps-depth,2
check-maps-depth,2
check-maps-depth,2
check-maps-depth,2
check-maps-depth,2
check-maps-depth,2
check-maps-depth,2
check-maps-depth,2
check-maps-depth,2
check-maps-depth,2
check-maps-depth,2
check-maps-depth,2
check-maps-depth,2
check-maps-depth,2
check-maps-depth,2
check-maps-depth,2
check-maps-depth,1
check-maps-depth,1
check-maps-depth,2
check-maps-depth,2
check-maps-depth,2
check-maps-depth,2
check-maps-depth,2
check-maps-depth,2
check-maps-depth,2
check-maps-depth,2
check-maps-depth,2
check-maps-depth,2
check-maps-depth,2
check-maps-depth,2
check-maps-depth,2
check-maps-depth,2
check-maps-depth,2
check-maps-depth,1
check-maps-depth,1
check-maps-depth,1
check-maps-depth,1
check-maps-depth,1
check-maps-depth,1
check-maps-depth,1
check-maps-depth,1
check-maps-depth,1
check-maps-depth,1
check-maps-depth,2
check-maps-depth,2
check-maps-depth,2
check-maps-depth,2
check-maps-depth,2
check-maps-depth,2
check-maps-depth,2
check-maps-depth,2
check-maps-depth,2
check-maps-depth,2
check-maps-depth,2
check-maps-depth,2
check-maps-depth,2
check-maps-depth,2
check-maps-depth,2
check-maps-depth,2
check-maps-depth,2
check-maps-depth,2
check-maps-depth,2
check-maps-depth,2
check-maps-depth,1
check-maps-depth,1
check-maps-depth,2
check-maps-depth,2
check-maps-depth,2
check-maps-depth,2
check-maps-depth,2
check-maps-depth,2
check-maps-depth,2
check-maps-depth,2
check-maps-depth,2
check-maps-depth,2
check-maps-depth,2
check-maps-depth,2
check-maps-depth,2
check-maps-depth,2
check-maps-depth,2
check-maps-depth,2
check-maps-depth,2
check-maps-depth,2
check-maps-depth,2
check-maps-depth,2
check-maps-depth,2
check-maps-depth,2
check-maps-depth,2
check-maps-depth,2
check-maps-depth,2
check-maps-depth,2
check-maps-depth,2
check-maps-depth,2
check-maps-depth,2
check-maps-depth,2
check-maps-depth,2
check-maps-depth,2
check-maps-depth,2
check-maps-depth,2
check-maps-depth,2
check-maps-depth,2
check-maps-depth,2
check-maps-depth,2
check-maps-depth,2
check-maps-depth,2
check-maps-depth,2
check-maps-depth,2
check-maps-depth,2
check-maps-depth,2
check-maps-depth,2
check-maps-depth,2
check-maps-depth,2
check-maps-depth,2
check-maps-depth,2
check-maps-depth,2
check-maps-depth,2
check-maps-depth,2
check-maps-depth,2
check-maps-depth,2
check-maps-depth,2
check-maps-depth,2
check-maps-depth,2
check-maps-depth,4
check-maps-depth,4
check-maps-depth,2
check-maps-depth,1
check-maps-depth,1
check-maps-depth,1
check-maps-depth,1
check-maps-depth,1
check-maps-depth,1
check-maps-depth,1
check-maps-depth,1
check-maps-depth,2
check-maps-depth,3
check-maps-depth,3
check-maps-depth,1
check-maps-depth,1
check-maps-depth,2
check-maps-depth,2
check-maps-depth,2
check-maps-depth,1
check-maps-depth,1
check-maps-depth,3
check-maps-depth,3
check-maps-depth,3
check-maps-depth,2
check-maps-depth,3
check-maps-depth,2
check-maps-depth,2
check-maps-depth,2
check-maps-depth,2
check-maps-depth,2
check-maps-depth,2
check-maps-depth,2
check-maps-depth,2
check-maps-depth,2
check-maps-depth,2
check-maps-depth,3
check-maps-depth,3
check-maps-depth,2
check-maps-depth,2
check-maps-depth,2
check-maps-depth,2
check-maps-depth,2
check-maps-depth,3
check-maps-depth,3
check-maps-depth,3
check-maps-depth,2
check-maps-depth,2
check-maps-depth,2
check-maps-depth,2
check-maps-depth,2
check-maps-depth,2
check-maps-depth,2
check-maps-depth,2
check-maps-depth,2
check-maps-depth,2
check-maps-depth,4
check-maps-depth,1
check-maps-depth,1
check-maps-depth,1
check-maps-depth,1
check-maps-depth,1
check-maps-depth,1
check-maps-depth,4
check-maps-depth,3
check-maps-depth,3
check-maps-depth,3
check-maps-depth,2
check-maps-depth,3
check-maps-depth,1
check-maps-depth,1
check-maps-depth,2
check-maps-depth,3
check-maps-depth,2
check-maps-depth,3
check-maps-depth,1
check-maps-depth,2
check-maps-depth,3
check-maps-depth,1
check-maps-depth,2
check-maps-depth,3
check-maps-depth,1
check-maps-depth,1
check-maps-depth,1
check-maps-depth,1
check-maps-depth,2
check-maps-depth,3
check-maps-depth,1
check-maps-depth,1
check-maps-depth,1
check-maps-depth,1
check-maps-depth,2
check-maps-depth,2
check-maps-depth,2
check-maps-depth,3
check-maps-depth,2
check-maps-depth,3
check-maps-depth,2
check-maps-depth,2
check-maps-depth,2
check-maps-depth,2
check-maps-depth,2
check-maps-depth,2
new,MemoryChunk,0x2fb86e00000,1048576
check-maps-depth,2
check-maps-depth,2
check-maps-depth,1
check-maps-depth,3
check-maps-depth,3
check-maps-depth,3
check-maps-depth,3
check-maps-depth,3
check-maps-depth,2
check-maps-depth,2
check-maps-depth,3
check-maps-depth,3
check-maps-depth,3
check-maps-depth,3
check-maps-depth,2
check-maps-depth,2
check-maps-depth,2
check-maps-depth,2
check-maps-depth,2
check-maps-depth,2
check-maps-depth,2
check-maps-depth,2
check-maps-depth,1
check-maps-depth,1
check-maps-depth,1
check-maps-depth,3
check-maps-depth,3
check-maps-depth,3
check-maps-depth,3
check-maps-depth,3
check-maps-depth,3
check-maps-depth,3
check-maps-depth,3
check-maps-depth,3
check-maps-depth,3
check-maps-depth,3
check-maps-depth,3
check-maps-depth,3
check-maps-depth,3
check-maps-depth,1
check-maps-depth,1
check-maps-depth,2
check-maps-depth,3
check-maps-depth,2
check-maps-depth,2
check-maps-depth,2
check-maps-depth,1
check-maps-depth,2
check-maps-depth,2
check-maps-depth,2
check-maps-depth,2
check-maps-depth,2
check-maps-depth,3
check-maps-depth,2
check-maps-depth,3
check-maps-depth,2
check-maps-depth,3
check-maps-depth,3
check-maps-depth,3
check-maps-depth,3
check-maps-depth,3
check-maps-depth,3
check-maps-depth,3
check-maps-depth,3
check-maps-depth,2
check-maps-depth,2
check-maps-depth,5
check-maps-depth,3
check-maps-depth,3
check-maps-depth,1
check-maps-depth,3
check-maps-depth,3
check-maps-depth,5
check-maps-depth,3
check-maps-depth,1
check-maps-depth,1
check-maps-depth,1
check-maps-depth,1
check-maps-depth,1
check-maps-depth,1
check-maps-depth,1
check-maps-depth,1
check-maps-depth,1
check-maps-depth,1
check-maps-depth,1
check-maps-depth,1
check-maps-depth,1
check-maps-depth,1
check-maps-depth,1
check-maps-depth,1
check-maps-depth,1
check-maps-depth,1
check-maps-depth,1
check-maps-depth,1
check-maps-depth,1
check-maps-depth,1
check-maps-depth,1
check-maps-depth,1
check-maps-depth,1
check-maps-depth,1
check-maps-depth,1
check-maps-depth,1
check-maps-depth,1
check-maps-depth,1
check-maps-depth,1
check-maps-depth,1
check-maps-depth,1
check-maps-depth,1
check-maps-depth,1
check-maps-depth,1
check-maps-depth,1
check-maps-depth,1
check-maps-depth,1
check-maps-depth,1
check-maps-depth,1
check-maps-depth,1
check-maps-depth,1
check-maps-depth,1
check-maps-depth,1
check-maps-depth,1
check-maps-depth,1
check-maps-depth,1
check-maps-depth,1
check-maps-depth,1
check-maps-depth,1
check-maps-depth,1
check-maps-depth,1
check-maps-depth,1
check-maps-depth,1
check-maps-depth,1
check-maps-depth,1
check-maps-depth,2
check-maps-depth,2
check-maps-depth,2
check-maps-depth,2
check-maps-depth,2
check-maps-depth,2
check-maps-depth,2
check-maps-depth,2
check-maps-depth,2
check-maps-depth,2
check-maps-depth,2
check-maps-depth,2
check-maps-depth,4
check-maps-depth,4
check-maps-depth,4
check-maps-depth,4
check-maps-depth,4
check-maps-depth,4
check-maps-depth,4
check-maps-depth,4
check-maps-depth,4
check-maps-depth,4
check-maps-depth,4
check-maps-depth,4
check-maps-depth,4
check-maps-depth,4
check-maps-depth,1
check-maps-depth,1
check-maps-depth,1
check-maps-depth,3
check-maps-depth,1
check-maps-depth,1
check-maps-depth,1
check-maps-depth,1
check-maps-depth,1
check-maps-depth,1
check-maps-depth,1
check-maps-depth,1
check-maps-depth,1
check-maps-depth,1
check-maps-depth,1
check-maps-depth,1
check-maps-depth,1
check-maps-depth,1
check-maps-depth,1
check-maps-depth,2
check-maps-depth,2
check-maps-depth,2
check-maps-depth,2
check-maps-depth,2
check-maps-depth,2
check-maps-depth,2
check-maps-depth,2
check-maps-depth,2
check-maps-depth,2
check-maps-depth,2
check-maps-depth,2
check-maps-depth,4
check-maps-depth,4
check-maps-depth,4
check-maps-depth,4
check-maps-depth,4
check-maps-depth,4
check-maps-depth,4
check-maps-depth,4
check-maps-depth,4
check-maps-depth,4
check-maps-depth,4
check-maps-depth,4
check-maps-depth,4
check-maps-depth,4
check-maps-depth,1
check-maps-depth,1
check-maps-depth,1
check-maps-depth,1
check-maps-depth,1
check-maps-depth,1
check-maps-depth,1
check-maps-depth,1
check-maps-depth,1
check-maps-depth,1
check-maps-depth,1
check-maps-depth,1
check-maps-depth,1
check-maps-depth,1
check-maps-depth,1
check-maps-depth,1
check-maps-depth,1
check-maps-depth,1
check-maps-depth,1
check-maps-depth,1
check-maps-depth,2
check-maps-depth,2
check-maps-depth,2
check-maps-depth,2
check-maps-depth,2
check-maps-depth,2
check-maps-depth,4
check-maps-depth,4
check-maps-depth,4
check-maps-depth,4
check-maps-depth,4
check-maps-depth,4
check-maps-depth,4
check-maps-depth,4
check-maps-depth,4
check-maps-depth,4
check-maps-depth,4
check-maps-depth,4
check-maps-depth,4
check-maps-depth,4
check-maps-depth,4
check-maps-depth,4
scavenge,begin,0,656250,1487449190789
scavenge,end,0,656250,1487449190789
check-maps-depth,1
check-maps-depth,1
check-maps-depth,1
check-maps-depth,1
check-maps-depth,1
check-maps-depth,1
check-maps-depth,1
check-maps-depth,1
check-maps-depth,1
check-maps-depth,1
check-maps-depth,1
check-maps-depth,1
check-maps-depth,1
check-maps-depth,2
check-maps-depth,2
check-maps-depth,2
check-maps-depth,2
check-maps-depth,2
check-maps-depth,2
check-maps-depth,4
check-maps-depth,4
check-maps-depth,4
check-maps-depth,4
check-maps-depth,4
check-maps-depth,4
check-maps-depth,4
check-maps-depth,4
check-maps-depth,4
check-maps-depth,4
check-maps-depth,4
check-maps-depth,4
check-maps-depth,4
check-maps-depth,4
check-maps-depth,4
check-maps-depth,4
check-maps-depth,1
check-maps-depth,1
check-maps-depth,1
check-maps-depth,1
check-maps-depth,1
check-maps-depth,1
check-maps-depth,1
check-maps-depth,1
check-maps-depth,1
check-maps-depth,1
check-maps-depth,1
check-maps-depth,1
check-maps-depth,1
check-maps-depth,1
check-maps-depth,1
check-maps-depth,1
check-maps-depth,1
check-maps-depth,1
check-maps-depth,1
check-maps-depth,1
check-maps-depth,1
check-maps-depth,2
check-maps-depth,2
check-maps-depth,2
check-maps-depth,2
check-maps-depth,2
check-maps-depth,2
check-maps-depth,2
check-maps-depth,4
check-maps-depth,4
check-maps-depth,4
check-maps-depth,4
check-maps-depth,4
check-maps-depth,4
check-maps-depth,4
check-maps-depth,4
check-maps-depth,4
check-maps-depth,4
check-maps-depth,4
check-maps-depth,4
check-maps-depth,4
check-maps-depth,4
check-maps-depth,4
check-maps-depth,4
check-maps-depth,1
check-maps-depth,1
check-maps-depth,1
check-maps-depth,1
check-maps-depth,1
check-maps-depth,1
check-maps-depth,1
check-maps-depth,1
check-maps-depth,1
check-maps-depth,1
check-maps-depth,1
check-maps-depth,1
check-maps-depth,2
check-maps-depth,2
check-maps-depth,2
check-maps-depth,2
check-maps-depth,2
check-maps-depth,2
check-maps-depth,2
check-maps-depth,2
check-maps-depth,3
check-maps-depth,3
check-maps-depth,3
check-maps-depth,3
check-maps-depth,3
check-maps-depth,3
check-maps-depth,3
check-maps-depth,3
check-maps-depth,3
check-maps-depth,3
check-maps-depth,3
check-maps-depth,3
check-maps-depth,3
check-maps-depth,3
new,MemoryChunk,0x2cbb2c00000,1048576
new,MemoryChunk,0x370eac00000,1048576
new,MemoryChunk,0x38fca100000,1048576
new,MemoryChunk,0x33af8800000,1048576
new,MemoryChunk,0x319d8c00000,1048576
new,MemoryChunk,0xf163600000,1048576
new,MemoryChunk,0x2bb26b00000,1048576
new,MemoryChunk,0x34a38d00000,1048576
new,MemoryChunk,0x7b63500000,1048576
new,MemoryChunk,0x2e384e00000,1048576
new,MemoryChunk,0x36bbad00000,1048576
new,MemoryChunk,0x289e2a00000,1048576
new,MemoryChunk,0x17fa1e00000,1048576
new,MemoryChunk,0x1f3ad00000,1048576
new,MemoryChunk,0x36b10d00000,1048576
new,MemoryChunk,0x34b3cf00000,1048576
scavenge,begin,0,687500,1487449190820
new,MemoryChunk,0x310e6000000,1048576
new,MemoryChunk,0xbe39f00000,1048576
scavenge,end,0,687500,1487449190820
check-maps-depth,1
check-maps-depth,2
check-maps-depth,2
check-maps-depth,2
check-maps-depth,2
check-maps-depth,2
check-maps-depth,2
check-maps-depth,2
check-maps-depth,3
check-maps-depth,5
check-maps-depth,5
check-maps-depth,2
check-maps-depth,2
check-maps-depth,2
check-maps-depth,2
check-maps-depth,2
check-maps-depth,2
check-maps-depth,2
check-maps-depth,2
check-maps-depth,2
check-maps-depth,2
check-maps-depth,2
check-maps-depth,2
check-maps-depth,2
check-maps-depth,2
check-maps-depth,2
check-maps-depth,2
check-maps-depth,2
check-maps-depth,2
check-maps-depth,2
check-maps-depth,1
check-maps-depth,4
check-maps-depth,5
check-maps-depth,5
check-maps-depth,3
check-maps-depth,5
check-maps-depth,5
check-maps-depth,5
check-maps-depth,5
check-maps-depth,2
check-maps-depth,3
check-maps-depth,2
check-maps-depth,2
check-maps-depth,2
check-maps-depth,2
check-maps-depth,2
check-maps-depth,2
check-maps-depth,2
check-maps-depth,2
check-maps-depth,2
check-maps-depth,2
check-maps-depth,2
check-maps-depth,2
check-maps-depth,2
check-maps-depth,2
check-maps-depth,2
check-maps-depth,2
check-maps-depth,2
check-maps-depth,2
check-maps-depth,2
check-maps-depth,3
check-maps-depth,3
check-maps-depth,3
check-maps-depth,3
check-maps-depth,2
check-maps-depth,2
check-maps-depth,2
check-maps-depth,2
check-maps-depth,2
check-maps-depth,2
check-maps-depth,2
check-maps-depth,2
check-maps-depth,2
check-maps-depth,2
check-maps-depth,2
check-maps-depth,2
check-maps-depth,2
check-maps-depth,2
check-maps-depth,2
check-maps-depth,2
check-maps-depth,2
check-maps-depth,2
check-maps-depth,2
check-maps-depth,3
check-maps-depth,3
check-maps-depth,4
check-maps-depth,2
check-maps-depth,2
check-maps-depth,2
check-maps-depth,2
check-maps-depth,2
check-maps-depth,2
check-maps-depth,2
check-maps-depth,2
check-maps-depth,2
check-maps-depth,2
check-maps-depth,2
check-maps-depth,2
check-maps-depth,2
check-maps-depth,2
check-maps-depth,2
check-maps-depth,2
check-maps-depth,2
check-maps-depth,2
check-maps-depth,2
check-maps-depth,2
check-maps-depth,2
check-maps-depth,2
check-maps-depth,2
check-maps-depth,2
check-maps-depth,2
check-maps-depth,2
check-maps-depth,2
check-maps-depth,2
check-maps-depth,2
check-maps-depth,2
check-maps-depth,2
check-maps-depth,2
check-maps-depth,2
check-maps-depth,2
check-maps-depth,2
check-maps-depth,2
check-maps-depth,2
check-maps-depth,2
check-maps-depth,2
check-maps-depth,2
check-maps-depth,2
check-maps-depth,2
check-maps-depth,2
check-maps-depth,2
check-maps-depth,2
check-maps-depth,2
check-maps-depth,3
check-maps-depth,3
check-maps-depth,3
check-maps-depth,3
check-maps-depth,3
check-maps-depth,3
check-maps-depth,3
check-maps-depth,3
check-maps-depth,3
check-maps-depth,3
check-maps-depth,3
check-maps-depth,3
check-maps-depth,3
check-maps-depth,3
check-maps-depth,3
check-maps-depth,3
check-maps-depth,3
check-maps-depth,3
check-maps-depth,3
check-maps-depth,3
check-maps-depth,3
check-maps-depth,3
check-maps-depth,3
check-maps-depth,3
check-maps-depth,3
check-maps-depth,3
check-maps-depth,3
check-maps-depth,3
check-maps-depth,3
check-maps-depth,3
check-maps-depth,3
check-maps-depth,3
check-maps-depth,3
check-maps-depth,3
check-maps-depth,3
check-maps-depth,3
check-maps-depth,3
check-maps-depth,3
check-maps-depth,3
check-maps-depth,3
check-maps-depth,3
check-maps-depth,3
check-maps-depth,3
check-maps-depth,3
check-maps-depth,2
check-maps-depth,2
check-maps-depth,2
check-maps-depth,2
check-maps-depth,2
check-maps-depth,2
check-maps-depth,3
check-maps-depth,3
check-maps-depth,3
check-maps-depth,3
check-maps-depth,3
check-maps-depth,3
check-maps-depth,3
check-maps-depth,3
check-maps-depth,3
check-maps-depth,3
check-maps-depth,3
check-maps-depth,3
check-maps-depth,3
check-maps-depth,3
check-maps-depth,2
check-maps-depth,2
check-maps-depth,2
check-maps-depth,3
check-maps-depth,3
check-maps-depth,3
check-maps-depth,2
check-maps-depth,3
check-maps-depth,2
check-maps-depth,2
check-maps-depth,3
check-maps-depth,3
check-maps-depth,2
new,MemoryChunk,0x2b986800000,1048576
check-maps-depth,3
check-maps-depth,3
check-maps-depth,2
check-maps-depth,3
check-maps-depth,2
check-maps-depth,2
check-maps-depth,2
check-maps-depth,3
check-maps-depth,3
check-maps-depth,3
check-maps-depth,3
check-maps-depth,3
check-maps-depth,2
check-maps-depth,2
check-maps-depth,2
check-maps-depth,2
check-maps-depth,2
check-maps-depth,2
check-maps-depth,2
check-maps-depth,3
check-maps-depth,2
check-maps-depth,3
check-maps-depth,3
check-maps-depth,3
check-maps-depth,3
check-maps-depth,3
check-maps-depth,2
check-maps-depth,2
check-maps-depth,3
check-maps-depth,3
check-maps-depth,3
check-maps-depth,3
check-maps-depth,3
check-maps-depth,2
check-maps-depth,3
check-maps-depth,3
check-maps-depth,2
check-maps-depth,3
check-maps-depth,2
check-maps-depth,2
check-maps-depth,2
check-maps-depth,2
check-maps-depth,2
check-maps-depth,2
check-maps-depth,2
check-maps-depth,3
check-maps-depth,2
check-maps-depth,2
check-maps-depth,3
check-maps-depth,2
check-maps-depth,2
check-maps-depth,2
check-maps-depth,2
check-maps-depth,3
check-maps-depth,3
check-maps-depth,2
check-maps-depth,2
check-maps-depth,3
check-maps-depth,2
check-maps-depth,2
check-maps-depth,2
check-maps-depth,1
check-maps-depth,2
check-maps-depth,2
check-maps-depth,1
check-maps-depth,3
check-maps-depth,2
check-maps-depth,2
check-maps-depth,2
check-maps-depth,2
check-maps-depth,2
check-maps-depth,2
check-maps-depth,2
check-maps-depth,2
check-maps-depth,2
check-maps-depth,3
check-maps-depth,3
check-maps-depth,3
check-maps-depth,3
check-maps-depth,3
check-maps-depth,3
check-maps-depth,3
check-maps-depth,3
check-maps-depth,3
check-maps-depth,3
check-maps-depth,3
check-maps-depth,3
check-maps-depth,3
check-maps-depth,3
check-maps-depth,3
check-maps-depth,3
check-maps-depth,3
check-maps-depth,3
check-maps-depth,3
check-maps-depth,3
check-maps-depth,3
check-maps-depth,2
check-maps-depth,2
check-maps-depth,2
check-maps-depth,2
check-maps-depth,3
check-maps-depth,3
check-maps-depth,3
check-maps-depth,3
check-maps-depth,3
check-maps-depth,2
check-maps-depth,2
check-maps-depth,2
check-maps-depth,1
check-maps-depth,2
check-maps-depth,1
check-maps-depth,1
check-maps-depth,1
check-maps-depth,2
check-maps-depth,1
check-maps-depth,3
check-maps-depth,3
check-maps-depth,3
check-maps-depth,3
check-maps-depth,3
check-maps-depth,2
check-maps-depth,3
check-maps-depth,2
check-maps-depth,2
check-maps-depth,2
check-maps-depth,2
check-maps-depth,2
check-maps-depth,2
check-maps-depth,2
check-maps-depth,2
check-maps-depth,2
check-maps-depth,2
check-maps-depth,2
check-maps-depth,2
check-maps-depth,2
check-maps-depth,2
check-maps-depth,1
check-maps-depth,2
check-maps-depth,2
check-maps-depth,1
check-maps-depth,3
check-maps-depth,3
check-maps-depth,3
check-maps-depth,3
check-maps-depth,3
check-maps-depth,3
check-maps-depth,2
check-maps-depth,3
check-maps-depth,3
check-maps-depth,2
check-maps-depth,2
check-maps-depth,3
check-maps-depth,3
check-maps-depth,3
check-maps-depth,3
check-maps-depth,3
check-maps-depth,2
check-maps-depth,2
check-maps-depth,2
check-maps-depth,2
check-maps-depth,2
check-maps-depth,2
check-maps-depth,2
check-maps-depth,2
check-maps-depth,2
check-maps-depth,2
check-maps-depth,2
check-maps-depth,2
check-maps-depth,2
check-maps-depth,1
check-maps-depth,3
check-maps-depth,3
check-maps-depth,3
check-maps-depth,3
check-maps-depth,3
check-maps-depth,3
check-maps-depth,3
check-maps-depth,3
check-maps-depth,3
check-maps-depth,2
check-maps-depth,3
check-maps-depth,3
check-maps-depth,3
check-maps-depth,1
check-maps-depth,2
check-maps-depth,3
check-maps-depth,1
check-maps-depth,1
check-maps-depth,1
check-maps-depth,1
check-maps-depth,2
check-maps-depth,1
check-maps-depth,1
check-maps-depth,1
check-maps-depth,1
check-maps-depth,1
check-maps-depth,2
check-maps-depth,2
check-maps-depth,2
check-maps-depth,2
check-maps-depth,2
check-maps-depth,3
check-maps-depth,2
check-maps-depth,2
check-maps-depth,2
check-maps-depth,2
check-maps-depth,2
check-maps-depth,2
check-maps-depth,2
check-maps-depth,2
check-maps-depth,2
check-maps-depth,2
check-maps-depth,2
check-maps-depth,2
check-maps-depth,2
check-maps-depth,2
check-maps-depth,2
check-maps-depth,2
check-maps-depth,2
check-maps-depth,2
check-maps-depth,2
check-maps-depth,2
check-maps-depth,2
check-maps-depth,2
check-maps-depth,2
check-maps-depth,2
check-maps-depth,2
check-maps-depth,2
check-maps-depth,3
check-maps-depth,2
check-maps-depth,2
check-maps-depth,2
check-maps-depth,2
check-maps-depth,2
check-maps-depth,2
check-maps-depth,2
check-maps-depth,2
check-maps-depth,2
check-maps-depth,2
check-maps-depth,2
check-maps-depth,2
check-maps-depth,2
check-maps-depth,2
check-maps-depth,1
check-maps-depth,2
check-maps-depth,2
check-maps-depth,2
check-maps-depth,2
check-maps-depth,2
check-maps-depth,2
check-maps-depth,2
check-maps-depth,2
check-maps-depth,2
check-maps-depth,2
check-maps-depth,3
check-maps-depth,1
check-maps-depth,1
check-maps-depth,1
check-maps-depth,1
check-maps-depth,2
check-maps-depth,2
check-maps-depth,3
check-maps-depth,3
check-maps-depth,1
check-maps-depth,2
check-maps-depth,3
check-maps-depth,3
check-maps-depth,3
check-maps-depth,3
check-maps-depth,3
check-maps-depth,3
check-maps-depth,3
check-maps-depth,3
check-maps-depth,3
check-maps-depth,2
check-maps-depth,3
check-maps-depth,2
check-maps-depth,3
check-maps-depth,2
check-maps-depth,2
check-maps-depth,3
check-maps-depth,3
check-maps-depth,3
check-maps-depth,3
check-maps-depth,3
check-maps-depth,3
check-maps-depth,3
check-maps-depth,2
check-maps-depth,2
check-maps-depth,2
check-maps-depth,3
check-maps-depth,2
check-maps-depth,3
check-maps-depth,3
check-maps-depth,2
check-maps-depth,3
check-maps-depth,2
check-maps-depth,2
check-maps-depth,1
check-maps-depth,2
check-maps-depth,3
check-maps-depth,1
check-maps-depth,3
check-maps-depth,3
check-maps-depth,2
check-maps-depth,3
check-maps-depth,3
check-maps-depth,3
check-maps-depth,2
check-maps-depth,3
check-maps-depth,3
check-maps-depth,3
check-maps-depth,3
check-maps-depth,3
check-maps-depth,2
check-maps-depth,3
check-maps-depth,3
check-maps-depth,2
check-maps-depth,1
check-maps-depth,2
check-maps-depth,3
check-maps-depth,2
check-maps-depth,3
check-maps-depth,3
check-maps-depth,3
check-maps-depth,3
check-maps-depth,3
check-maps-depth,3
check-maps-depth,3
check-maps-depth,2
check-maps-depth,2
check-maps-depth,1
check-maps-depth,3
check-maps-depth,3
check-maps-depth,3
check-maps-depth,2
check-maps-depth,3
check-maps-depth,3
check-maps-depth,3
check-maps-depth,3
check-maps-depth,1
check-maps-depth,3
check-maps-depth,2
check-maps-depth,1
check-maps-depth,4
check-maps-depth,4
check-maps-depth,4
check-maps-depth,3
check-maps-depth,3
check-maps-depth,3
check-maps-depth,8
check-maps-depth,3
check-maps-depth,3
check-maps-depth,3
check-maps-depth,4
check-maps-depth,2
check-maps-depth,2
check-maps-depth,2
check-maps-depth,2
check-maps-depth,2
check-maps-depth,2
check-maps-depth,2
check-maps-depth,2
check-maps-depth,2
check-maps-depth,2
check-maps-depth,2
check-maps-depth,2
check-maps-depth,2
check-maps-depth,2
check-maps-depth,2
check-maps-depth,2
check-maps-depth,2
check-maps-depth,2
check-maps-depth,2
check-maps-depth,2
check-maps-depth,2
check-maps-depth,2
check-maps-depth,2
check-maps-depth,2
check-maps-depth,4
check-maps-depth,2
check-maps-depth,1
check-maps-depth,2
check-maps-depth,2
check-maps-depth,2
check-maps-depth,2
check-maps-depth,2
check-maps-depth,3
check-maps-depth,1
check-maps-depth,1
check-maps-depth,3
check-maps-depth,1
check-maps-depth,1
check-maps-depth,1
check-maps-depth,1
check-maps-depth,1
check-maps-depth,1
check-maps-depth,1
check-maps-depth,1
check-maps-depth,1
check-maps-depth,1
check-maps-depth,1
check-maps-depth,1
check-maps-depth,1
check-maps-depth,1
check-maps-depth,1
check-maps-depth,2
check-maps-depth,2
check-maps-depth,2
check-maps-depth,2
check-maps-depth,3
check-maps-depth,3
check-maps-depth,2
check-maps-depth,2
check-maps-depth,2
check-maps-depth,4
check-maps-depth,4
check-maps-depth,4
delete,MemoryChunk,0x2b986000000
delete,MemoryChunk,0x2b986100000
delete,MemoryChunk,0x2b986200000
delete,MemoryChunk,0xd1bf300000
delete,MemoryChunk,0x33828d00000
delete,MemoryChunk,0x3957e500000
delete,MemoryChunk,0x1422f800000
delete,MemoryChunk,0x26a99200000
delete,MemoryChunk,0x307f3200000
delete,MemoryChunk,0x1c4b3300000
delete,MemoryChunk,0x135ea00000
delete,MemoryChunk,0x3c8c7000000
delete,MemoryChunk,0x3eaed800000
delete,MemoryChunk,0x2c172c00000
delete,MemoryChunk,0x38b38600000
delete,MemoryChunk,0x3ca05c00000
delete,MemoryChunk,0x2e7d2c00000
delete,MemoryChunk,0x1be59800000
delete,MemoryChunk,0x34346a00000
delete,MemoryChunk,0x13fb1800000
delete,MemoryChunk,0x2fb86e00000
delete,MemoryChunk,0x310e6000000
delete,MemoryChunk,0xbe39f00000
delete,MemoryChunk,0x2b986300000
delete,MemoryChunk,0x2b986400000
delete,MemoryChunk,0x2b986500000
delete,MemoryChunk,0x2b986600000
delete,MemoryChunk,0x2b986700000
delete,MemoryChunk,0x2b986800000
delete,MemoryChunk,0x32aa2100000
delete,MemoryChunk,0xab36600000
